<?xml version="1.0" encoding="UTF-8"?>
<!-- Generated by org.testng.reporters.JUnitReportReporter -->
<testsuite skipped="0" hostname="DESKTOP-6VAAHBV" name="com.project.testpage.FirstTest" tests="4" failures="0" timestamp="21 Nov 2019 16:01:16 GMT" time="0.054" errors="0">
  <testcase name="test5" time="0.002" classname="com.project.testpage.FirstTest"/>
  <testcase name="test1" time="0.049" classname="com.project.testpage.FirstTest"/>
  <testcase name="test2" time="0.002" classname="com.project.testpage.FirstTest"/>
  <testcase name="test6" time="0.001" classname="com.project.testpage.FirstTest"/>
</testsuite> <!-- com.project.testpage.FirstTest -->
