<?xml version="1.0" encoding="UTF-8"?>
<!-- Generated by org.testng.reporters.JUnitReportReporter -->
<testsuite skipped="0" hostname="DESKTOP-6VAAHBV" name="com.project.testpage.SecondTest" tests="1" failures="0" timestamp="21 Nov 2019 16:01:16 GMT" time="0.002" errors="0">
  <testcase name="test7" time="0.002" classname="com.project.testpage.SecondTest"/>
</testsuite> <!-- com.project.testpage.SecondTest -->
